TN:
SF:src\app\core\models\movement.model.ts
FN:20,(anonymous_0)
FNF:1
FNH:1
FNDA:1,(anonymous_0)
DA:20,1
DA:21,1
DA:22,1
DA:28,1
LF:4
LH:4
BRDA:20,0,0,1
BRDA:20,0,1,1
BRF:2
BRH:2
end_of_record
TN:
SF:src\app\core\services\account.service.ts
FN:21,(anonymous_0)
FN:29,(anonymous_1)
FN:41,(anonymous_2)
FN:50,(anonymous_3)
FN:60,(anonymous_4)
FN:76,(anonymous_5)
FN:92,(anonymous_6)
FN:102,(anonymous_7)
FN:112,(anonymous_8)
FN:121,(anonymous_9)
FN:131,(anonymous_10)
FN:141,(anonymous_11)
FN:149,(anonymous_12)
FN:165,(anonymous_13)
FNF:14
FNH:11
FNDA:25,(anonymous_0)
FNDA:1,(anonymous_1)
FNDA:2,(anonymous_2)
FNDA:1,(anonymous_3)
FNDA:1,(anonymous_4)
FNDA:0,(anonymous_5)
FNDA:5,(anonymous_6)
FNDA:3,(anonymous_7)
FNDA:1,(anonymous_8)
FNDA:1,(anonymous_9)
FNDA:3,(anonymous_10)
FNDA:1,(anonymous_11)
FNDA:0,(anonymous_12)
FNDA:0,(anonymous_13)
DA:1,2
DA:3,2
DA:18,2
DA:19,25
DA:21,25
DA:33,1
DA:42,2
DA:51,1
DA:64,1
DA:80,0
DA:93,5
DA:103,3
DA:113,1
DA:122,1
DA:132,3
DA:133,3
DA:142,1
DA:157,0
DA:172,0
LF:19
LH:16
BRDA:132,0,0,1
BRDA:132,0,1,2
BRF:2
BRH:2
end_of_record
TN:
SF:src\app\core\services\api.service.ts
FN:50,(anonymous_0)
FN:58,(anonymous_1)
FN:62,(anonymous_2)
FN:73,(anonymous_3)
FN:85,(anonymous_4)
FN:106,(anonymous_5)
FN:125,(anonymous_6)
FN:128,(anonymous_7)
FN:139,(anonymous_8)
FN:142,(anonymous_9)
FN:153,(anonymous_10)
FN:156,(anonymous_11)
FN:166,(anonymous_12)
FN:179,(anonymous_13)
FN:183,(anonymous_14)
FN:206,(anonymous_15)
FN:247,(anonymous_16)
FN:253,(anonymous_17)
FNF:18
FNH:16
FNDA:65,(anonymous_0)
FNDA:21,(anonymous_1)
FNDA:3,(anonymous_2)
FNDA:18,(anonymous_3)
FNDA:4,(anonymous_4)
FNDA:2,(anonymous_5)
FNDA:19,(anonymous_6)
FNDA:11,(anonymous_7)
FNDA:10,(anonymous_8)
FNDA:8,(anonymous_9)
FNDA:2,(anonymous_10)
FNDA:2,(anonymous_11)
FNDA:3,(anonymous_12)
FNDA:0,(anonymous_13)
FNDA:0,(anonymous_14)
FNDA:6,(anonymous_15)
FNDA:6,(anonymous_16)
FNDA:39,(anonymous_17)
DA:1,5
DA:2,5
DA:3,5
DA:4,5
DA:5,5
DA:47,5
DA:48,65
DA:50,65
DA:59,21
DA:61,21
DA:62,9
DA:63,3
DA:64,3
DA:69,21
DA:71,21
DA:73,18
DA:86,4
DA:89,4
DA:90,0
DA:91,0
DA:93,0
DA:94,0
DA:96,0
DA:97,0
DA:99,0
DA:100,0
DA:105,4
DA:106,1
DA:107,2
DA:108,2
DA:113,4
DA:126,19
DA:128,11
DA:140,10
DA:142,8
DA:154,2
DA:156,2
DA:167,3
DA:180,0
DA:182,0
DA:183,0
DA:184,0
DA:185,0
DA:190,0
DA:192,0
DA:207,6
DA:209,6
DA:211,0
DA:214,6
DA:215,6
DA:216,6
DA:218,6
DA:220,1
DA:221,1
DA:223,0
DA:224,0
DA:226,0
DA:227,0
DA:229,2
DA:230,2
DA:232,1
DA:233,1
DA:235,0
DA:236,0
DA:238,2
DA:239,2
DA:241,0
DA:245,6
DA:247,6
DA:254,39
DA:255,2
DA:257,37
LF:72
LH:49
BRDA:61,0,0,9
BRDA:63,1,0,3
BRDA:63,2,0,3
BRDA:63,2,1,3
BRDA:89,3,0,0
BRDA:90,4,0,0
BRDA:93,5,0,0
BRDA:96,6,0,0
BRDA:99,7,0,0
BRDA:105,8,0,1
BRDA:107,9,0,2
BRDA:107,10,0,2
BRDA:107,10,1,2
BRDA:107,10,2,2
BRDA:182,11,0,0
BRDA:184,12,0,0
BRDA:184,13,0,0
BRDA:184,13,1,0
BRDA:209,14,0,0
BRDA:209,14,1,6
BRDA:218,15,0,1
BRDA:218,15,1,0
BRDA:218,15,2,0
BRDA:218,15,3,2
BRDA:218,15,4,1
BRDA:218,15,5,0
BRDA:218,15,6,2
BRDA:218,15,7,0
BRDA:254,16,0,2
BRDA:254,17,0,39
BRDA:254,17,1,33
BRDA:254,17,2,30
BRDA:254,17,3,2
BRF:33
BRH:19
end_of_record
TN:
SF:src\app\core\services\client.service.ts
FN:23,(anonymous_0)
FN:31,(anonymous_1)
FN:43,(anonymous_2)
FN:52,(anonymous_3)
FN:62,(anonymous_4)
FN:78,(anonymous_5)
FN:81,(anonymous_6)
FN:94,(anonymous_7)
FN:99,(anonymous_8)
FN:114,(anonymous_9)
FN:125,(anonymous_10)
FN:135,(anonymous_11)
FN:146,(anonymous_12)
FN:155,(anonymous_13)
FN:167,(anonymous_14)
FNF:15
FNH:12
FNDA:19,(anonymous_0)
FNDA:2,(anonymous_1)
FNDA:1,(anonymous_2)
FNDA:0,(anonymous_3)
FNDA:0,(anonymous_4)
FNDA:6,(anonymous_5)
FNDA:6,(anonymous_6)
FNDA:3,(anonymous_7)
FNDA:1,(anonymous_8)
FNDA:1,(anonymous_9)
FNDA:1,(anonymous_10)
FNDA:3,(anonymous_11)
FNDA:3,(anonymous_12)
FNDA:0,(anonymous_13)
FNDA:7,(anonymous_14)
DA:1,1
DA:2,1
DA:3,1
DA:4,1
DA:11,1
DA:20,1
DA:21,19
DA:23,19
DA:35,2
DA:44,1
DA:53,0
DA:66,0
DA:80,6
DA:82,6
DA:83,6
DA:96,3
DA:97,3
DA:98,1
DA:100,1
DA:101,1
DA:105,2
DA:115,1
DA:126,1
DA:136,3
DA:137,3
DA:147,3
DA:148,3
DA:161,0
DA:169,7
LF:29
LH:26
BRDA:97,0,0,1
BRDA:136,1,0,1
BRDA:136,1,1,2
BRDA:147,2,0,1
BRDA:147,2,1,2
BRF:5
BRH:5
end_of_record
TN:
SF:src\app\core\services\movement.service.ts
FN:21,(anonymous_0)
FN:29,(anonymous_1)
FN:41,(anonymous_2)
FN:51,(anonymous_3)
FN:67,(anonymous_4)
FN:84,(anonymous_5)
FN:106,(anonymous_6)
FN:116,(anonymous_7)
FN:125,(anonymous_8)
FN:134,(anonymous_9)
FN:150,(anonymous_10)
FN:166,(anonymous_11)
FNF:12
FNH:9
FNDA:17,(anonymous_0)
FNDA:1,(anonymous_1)
FNDA:1,(anonymous_2)
FNDA:1,(anonymous_3)
FNDA:1,(anonymous_4)
FNDA:1,(anonymous_5)
FNDA:7,(anonymous_6)
FNDA:4,(anonymous_7)
FNDA:1,(anonymous_8)
FNDA:0,(anonymous_9)
FNDA:0,(anonymous_10)
FNDA:0,(anonymous_11)
DA:1,2
DA:3,2
DA:18,2
DA:19,17
DA:21,17
DA:33,1
DA:42,1
DA:55,1
DA:71,1
DA:89,1
DA:94,1
DA:107,7
DA:117,4
DA:126,1
DA:142,0
DA:158,0
DA:174,0
LF:17
LH:14
BRF:0
BRH:0
end_of_record
TN:
SF:src\app\core\services\notification.service.ts
FN:28,(anonymous_0)
FN:40,(anonymous_1)
FN:55,(anonymous_2)
FN:70,(anonymous_3)
FN:85,(anonymous_4)
FN:98,(anonymous_5)
FN:110,(anonymous_6)
FN:120,(anonymous_7)
FN:122,(anonymous_8)
FN:129,(anonymous_9)
FN:137,(anonymous_10)
FN:145,(anonymous_11)
FNF:12
FNH:0
FNDA:0,(anonymous_0)
FNDA:0,(anonymous_1)
FNDA:0,(anonymous_2)
FNDA:0,(anonymous_3)
FNDA:0,(anonymous_4)
FNDA:0,(anonymous_5)
FNDA:0,(anonymous_6)
FNDA:0,(anonymous_7)
FNDA:0,(anonymous_8)
FNDA:0,(anonymous_9)
FNDA:0,(anonymous_10)
FNDA:0,(anonymous_11)
DA:1,1
DA:2,1
DA:28,1
DA:29,0
DA:30,0
DA:32,0
DA:41,0
DA:56,0
DA:71,0
DA:86,0
DA:99,0
DA:105,0
DA:106,0
DA:109,0
DA:110,0
DA:111,0
DA:121,0
DA:122,0
DA:123,0
DA:130,0
DA:138,0
DA:146,0
LF:22
LH:3
BRDA:45,0,0,0
BRDA:45,0,1,0
BRDA:60,1,0,0
BRDA:60,1,1,0
BRDA:75,2,0,0
BRDA:75,2,1,0
BRDA:90,3,0,0
BRDA:90,3,1,0
BRDA:109,4,0,0
BRDA:109,5,0,0
BRDA:109,5,1,0
BRF:11
BRH:0
end_of_record
TN:
SF:src\app\features\movements\pages\movements-page\movements-page.component.ts
FN:199,(anonymous_0)
FN:189,(anonymous_1)
FN:209,(anonymous_2)
FN:214,(anonymous_3)
FN:222,(anonymous_4)
FN:233,(anonymous_5)
FN:237,(anonymous_6)
FN:238,(anonymous_7)
FN:254,(anonymous_8)
FN:259,(anonymous_9)
FN:268,(anonymous_10)
FN:279,(anonymous_11)
FN:283,(anonymous_12)
FN:288,(anonymous_13)
FN:298,(anonymous_14)
FN:307,(anonymous_15)
FN:314,(anonymous_16)
FN:330,(anonymous_17)
FN:343,(anonymous_18)
FN:359,(anonymous_19)
FN:370,(anonymous_20)
FN:425,(anonymous_21)
FN:430,(anonymous_22)
FN:449,(anonymous_23)
FN:454,(anonymous_24)
FN:466,(anonymous_25)
FN:477,(anonymous_26)
FN:484,(anonymous_27)
FN:500,(anonymous_28)
FN:520,(anonymous_29)
FN:522,(anonymous_30)
FN:524,(anonymous_31)
FN:535,(anonymous_32)
FN:536,(anonymous_33)
FN:562,(anonymous_34)
FNF:35
FNH:0
FNDA:0,(anonymous_0)
FNDA:0,(anonymous_1)
FNDA:0,(anonymous_2)
FNDA:0,(anonymous_3)
FNDA:0,(anonymous_4)
FNDA:0,(anonymous_5)
FNDA:0,(anonymous_6)
FNDA:0,(anonymous_7)
FNDA:0,(anonymous_8)
FNDA:0,(anonymous_9)
FNDA:0,(anonymous_10)
FNDA:0,(anonymous_11)
FNDA:0,(anonymous_12)
FNDA:0,(anonymous_13)
FNDA:0,(anonymous_14)
FNDA:0,(anonymous_15)
FNDA:0,(anonymous_16)
FNDA:0,(anonymous_17)
FNDA:0,(anonymous_18)
FNDA:0,(anonymous_19)
FNDA:0,(anonymous_20)
FNDA:0,(anonymous_21)
FNDA:0,(anonymous_22)
FNDA:0,(anonymous_23)
FNDA:0,(anonymous_24)
FNDA:0,(anonymous_25)
FNDA:0,(anonymous_26)
FNDA:0,(anonymous_27)
FNDA:0,(anonymous_28)
FNDA:0,(anonymous_29)
FNDA:0,(anonymous_30)
FNDA:0,(anonymous_31)
FNDA:0,(anonymous_32)
FNDA:0,(anonymous_33)
FNDA:0,(anonymous_34)
DA:1,1
DA:2,1
DA:3,1
DA:4,1
DA:5,1
DA:6,1
DA:7,1
DA:8,1
DA:9,1
DA:10,1
DA:11,1
DA:18,1
DA:160,1
DA:161,0
DA:162,0
DA:163,0
DA:164,0
DA:165,0
DA:166,0
DA:167,0
DA:168,0
DA:169,0
DA:170,0
DA:171,0
DA:172,0
DA:175,0
DA:184,0
DA:189,0
DA:197,0
DA:200,0
DA:201,0
DA:202,0
DA:203,0
DA:205,0
DA:206,0
DA:211,0
DA:215,0
DA:216,0
DA:223,0
DA:235,0
DA:238,0
DA:239,0
DA:243,0
DA:244,0
DA:245,0
DA:255,0
DA:256,0
DA:260,0
DA:261,0
DA:262,0
DA:263,0
DA:266,0
DA:269,0
DA:270,0
DA:271,0
DA:280,0
DA:284,0
DA:285,0
DA:286,0
DA:289,0
DA:290,0
DA:299,0
DA:300,0
DA:301,0
DA:308,0
DA:309,0
DA:310,0
DA:313,0
DA:314,0
DA:315,0
DA:316,0
DA:317,0
DA:319,0
DA:331,0
DA:332,0
DA:333,0
DA:334,0
DA:336,0
DA:337,0
DA:344,0
DA:345,0
DA:346,0
DA:352,0
DA:353,0
DA:360,0
DA:361,0
DA:362,0
DA:363,0
DA:364,0
DA:371,0
DA:372,0
DA:373,0
DA:376,0
DA:377,0
DA:378,0
DA:379,0
DA:380,0
DA:384,0
DA:387,0
DA:388,0
DA:389,0
DA:391,0
DA:394,0
DA:395,0
DA:397,0
DA:400,0
DA:403,0
DA:404,0
DA:408,0
DA:411,0
DA:415,0
DA:422,0
DA:426,0
DA:427,0
DA:428,0
DA:431,0
DA:432,0
DA:437,0
DA:439,0
DA:446,0
DA:450,0
DA:451,0
DA:452,0
DA:455,0
DA:456,0
DA:467,0
DA:469,0
DA:470,0
DA:485,0
DA:486,0
DA:487,0
DA:488,0
DA:490,0
DA:491,0
DA:494,0
DA:501,0
DA:502,0
DA:505,0
DA:506,0
DA:509,0
DA:510,0
DA:513,0
DA:522,0
DA:524,0
DA:525,0
DA:529,0
DA:530,0
DA:531,0
DA:533,0
DA:534,0
DA:535,0
DA:536,0
DA:538,0
DA:539,0
DA:540,0
DA:542,0
DA:543,0
DA:547,0
DA:548,0
DA:551,0
DA:563,0
LF:161
LH:13
BRDA:238,0,0,0
BRDA:238,0,1,0
BRDA:239,1,0,0
BRDA:239,1,1,0
BRDA:243,2,0,0
BRDA:244,3,0,0
BRDA:244,4,0,0
BRDA:244,4,1,0
BRDA:245,5,0,0
BRDA:245,5,1,0
BRDA:308,6,0,0
BRDA:308,7,0,0
BRDA:308,7,1,0
BRDA:315,8,0,0
BRDA:315,8,1,0
BRDA:316,9,0,0
BRDA:316,9,1,0
BRDA:317,10,0,0
BRDA:317,10,1,0
BRDA:317,10,2,0
BRDA:319,11,0,0
BRDA:319,11,1,0
BRDA:319,11,2,0
BRDA:319,11,3,0
BRDA:319,11,4,0
BRDA:319,11,5,0
BRDA:319,11,6,0
BRDA:319,11,7,0
BRDA:348,12,0,0
BRDA:348,12,1,0
BRDA:371,13,0,0
BRDA:376,14,0,0
BRDA:376,15,0,0
BRDA:376,15,1,0
BRDA:377,16,0,0
BRDA:384,17,0,0
BRDA:384,17,1,0
BRDA:384,18,0,0
BRDA:384,18,1,0
BRDA:394,19,0,0
BRDA:394,19,1,0
BRDA:397,20,0,0
BRDA:397,21,0,0
BRDA:397,21,1,0
BRDA:403,22,0,0
BRDA:403,22,1,0
BRDA:408,23,0,0
BRDA:408,23,1,0
BRDA:411,24,0,0
BRDA:411,24,1,0
BRDA:422,25,0,0
BRDA:422,25,1,0
BRDA:437,26,0,0
BRDA:437,26,1,0
BRDA:467,27,0,0
BRDA:486,28,0,0
BRDA:486,29,0,0
BRDA:486,29,1,0
BRDA:487,30,0,0
BRDA:490,31,0,0
BRDA:505,32,0,0
BRDA:509,33,0,0
BRDA:509,34,0,0
BRDA:509,34,1,0
BRDA:509,34,2,0
BRDA:525,35,0,0
BRDA:525,35,1,0
BRDA:529,36,0,0
BRDA:529,36,1,0
BRDA:529,37,0,0
BRDA:529,37,1,0
BRDA:531,38,0,0
BRDA:531,38,1,0
BRDA:533,39,0,0
BRDA:533,39,1,0
BRDA:538,40,0,0
BRDA:538,40,1,0
BRDA:538,41,0,0
BRDA:538,41,1,0
BRDA:538,41,2,0
BRDA:542,42,0,0
BRDA:542,42,1,0
BRDA:547,43,0,0
BRDA:547,43,1,0
BRDA:552,44,0,0
BRDA:552,44,1,0
BRF:86
BRH:0
end_of_record
TN:
SF:src\app\shared\components\button\button.component.ts
FN:37,(anonymous_0)
FN:81,(anonymous_1)
FN:110,(anonymous_2)
FNF:3
FNH:3
FNDA:8,(anonymous_0)
FNDA:19,(anonymous_1)
FNDA:1,(anonymous_2)
DA:1,2
DA:2,2
DA:37,2
DA:41,8
DA:46,8
DA:51,8
DA:56,8
DA:61,8
DA:66,8
DA:71,8
DA:76,8
DA:82,19
DA:88,19
DA:89,1
DA:92,19
DA:93,0
DA:96,19
DA:97,1
DA:100,19
DA:101,0
DA:104,19
DA:111,1
DA:112,1
LF:23
LH:21
BRDA:88,0,0,1
BRDA:92,1,0,0
BRDA:96,2,0,1
BRDA:100,3,0,0
BRDA:111,4,0,1
BRDA:111,5,0,1
BRDA:111,5,1,1
BRF:7
BRH:5
end_of_record
TN:
SF:src\app\shared\components\input\input.component.ts
FN:48,(anonymous_0)
FN:65,(anonymous_1)
FN:66,(anonymous_2)
FN:71,(anonymous_3)
FN:89,(anonymous_4)
FN:98,(anonymous_5)
FN:105,(anonymous_6)
FN:111,(anonymous_7)
FN:115,(anonymous_8)
FN:119,(anonymous_9)
FN:123,(anonymous_10)
FN:43,(anonymous_11)
FNF:12
FNH:0
FNDA:0,(anonymous_0)
FNDA:0,(anonymous_1)
FNDA:0,(anonymous_2)
FNDA:0,(anonymous_3)
FNDA:0,(anonymous_4)
FNDA:0,(anonymous_5)
FNDA:0,(anonymous_6)
FNDA:0,(anonymous_7)
FNDA:0,(anonymous_8)
FNDA:0,(anonymous_9)
FNDA:0,(anonymous_10)
FNDA:0,(anonymous_11)
DA:1,1
DA:2,1
DA:3,1
DA:43,0
DA:48,1
DA:49,0
DA:50,0
DA:51,0
DA:52,0
DA:53,0
DA:54,0
DA:55,0
DA:56,0
DA:59,0
DA:60,0
DA:62,0
DA:63,0
DA:65,0
DA:66,0
DA:72,0
DA:73,0
DA:75,0
DA:76,0
DA:79,0
DA:80,0
DA:83,0
DA:90,0
DA:91,0
DA:92,0
DA:99,0
DA:106,0
DA:107,0
DA:112,0
DA:116,0
DA:120,0
DA:124,0
LF:36
LH:4
BRDA:75,0,0,0
BRDA:79,1,0,0
BRDA:112,2,0,0
BRDA:112,2,1,0
BRF:4
BRH:0
end_of_record
TN:
SF:src\app\shared\components\searchable-select\searchable-select.component.ts
FN:167,(anonymous_0)
FN:177,(anonymous_1)
FN:178,(anonymous_2)
FN:180,(anonymous_3)
FN:187,(anonymous_4)
FN:194,(anonymous_5)
FN:203,(anonymous_6)
FN:214,(anonymous_7)
FN:222,(anonymous_8)
FN:223,(anonymous_9)
FN:234,(anonymous_10)
FN:237,(anonymous_11)
FN:246,(anonymous_12)
FN:250,(anonymous_13)
FN:254,(anonymous_14)
FN:25,(anonymous_15)
FNF:16
FNH:0
FNDA:0,(anonymous_0)
FNDA:0,(anonymous_1)
FNDA:0,(anonymous_2)
FNDA:0,(anonymous_3)
FNDA:0,(anonymous_4)
FNDA:0,(anonymous_5)
FNDA:0,(anonymous_6)
FNDA:0,(anonymous_7)
FNDA:0,(anonymous_8)
FNDA:0,(anonymous_9)
FNDA:0,(anonymous_10)
FNDA:0,(anonymous_11)
FNDA:0,(anonymous_12)
FNDA:0,(anonymous_13)
FNDA:0,(anonymous_14)
FNDA:0,(anonymous_15)
DA:1,1
DA:2,1
DA:3,1
DA:25,0
DA:167,1
DA:168,0
DA:169,0
DA:170,0
DA:172,0
DA:173,0
DA:174,0
DA:175,0
DA:177,0
DA:178,0
DA:181,0
DA:188,0
DA:189,0
DA:190,0
DA:193,0
DA:194,0
DA:195,0
DA:204,0
DA:205,0
DA:206,0
DA:207,0
DA:208,0
DA:215,0
DA:216,0
DA:223,0
DA:224,0
DA:227,0
DA:228,0
DA:235,0
DA:236,0
DA:237,0
DA:238,0
DA:239,0
DA:242,0
DA:247,0
DA:251,0
DA:255,0
LF:41
LH:4
BRDA:188,0,0,0
BRDA:188,1,0,0
BRDA:188,1,1,0
BRDA:195,2,0,0
BRDA:195,2,1,0
BRDA:195,2,2,0
BRDA:227,3,0,0
BRDA:236,4,0,0
BRDA:236,4,1,0
BRDA:238,5,0,0
BRF:10
BRH:0
end_of_record
TN:
SF:src\app\shared\components\table\table.component.ts
FN:118,(anonymous_0)
FN:136,(anonymous_1)
FN:145,(anonymous_2)
FN:180,(anonymous_3)
FN:190,(anonymous_4)
FN:192,(anonymous_5)
FN:213,(anonymous_6)
FN:220,(anonymous_7)
FN:229,(anonymous_8)
FN:236,(anonymous_9)
FN:245,(anonymous_10)
FN:280,(anonymous_11)
FN:291,(anonymous_12)
FN:308,(anonymous_13)
FNF:14
FNH:0
FNDA:0,(anonymous_0)
FNDA:0,(anonymous_1)
FNDA:0,(anonymous_2)
FNDA:0,(anonymous_3)
FNDA:0,(anonymous_4)
FNDA:0,(anonymous_5)
FNDA:0,(anonymous_6)
FNDA:0,(anonymous_7)
FNDA:0,(anonymous_8)
FNDA:0,(anonymous_9)
FNDA:0,(anonymous_10)
FNDA:0,(anonymous_11)
FNDA:0,(anonymous_12)
FNDA:0,(anonymous_13)
DA:1,1
DA:2,1
DA:118,1
DA:119,0
DA:120,0
DA:121,0
DA:122,0
DA:123,0
DA:124,0
DA:126,0
DA:127,0
DA:129,0
DA:130,0
DA:131,0
DA:137,0
DA:138,0
DA:142,0
DA:144,0
DA:145,0
DA:146,0
DA:147,0
DA:149,0
DA:150,0
DA:152,0
DA:154,0
DA:155,0
DA:156,0
DA:157,0
DA:159,0
DA:162,0
DA:167,0
DA:168,0
DA:172,0
DA:173,0
DA:174,0
DA:181,0
DA:182,0
DA:184,0
DA:192,0
DA:193,0
DA:194,0
DA:197,0
DA:198,0
DA:200,0
DA:201,0
DA:205,0
DA:207,0
DA:214,0
DA:221,0
DA:222,0
DA:230,0
DA:237,0
DA:238,0
DA:239,0
DA:246,0
DA:249,0
DA:250,0
DA:252,0
DA:253,0
DA:254,0
DA:256,0
DA:261,0
DA:262,0
DA:263,0
DA:264,0
DA:268,0
DA:269,0
DA:270,0
DA:271,0
DA:274,0
DA:281,0
DA:282,0
DA:292,0
DA:293,0
DA:294,0
DA:309,0
LF:76
LH:3
BRDA:137,0,0,0
BRDA:137,1,0,0
BRDA:137,1,1,0
BRDA:144,2,0,0
BRDA:149,3,0,0
BRDA:149,4,0,0
BRDA:149,4,1,0
BRDA:150,5,0,0
BRDA:150,6,0,0
BRDA:150,6,1,0
BRDA:154,7,0,0
BRDA:154,7,1,0
BRDA:154,8,0,0
BRDA:154,8,1,0
BRDA:156,9,0,0
BRDA:156,9,1,0
BRDA:156,10,0,0
BRDA:156,10,1,0
BRDA:162,11,0,0
BRDA:162,11,1,0
BRDA:167,12,0,0
BRDA:181,13,0,0
BRDA:181,14,0,0
BRDA:181,14,1,0
BRDA:193,15,0,0
BRDA:193,16,0,0
BRDA:193,16,1,0
BRDA:197,17,0,0
BRDA:197,17,1,0
BRDA:198,18,0,0
BRDA:198,18,1,0
BRDA:221,19,0,0
BRDA:221,20,0,0
BRDA:221,20,1,0
BRDA:230,21,0,0
BRDA:230,21,1,0
BRDA:238,22,0,0
BRDA:238,22,1,0
BRDA:246,23,0,0
BRDA:253,24,0,0
BRDA:253,24,1,0
BRDA:253,25,0,0
BRDA:253,25,1,0
BRDA:261,26,0,0
BRDA:261,27,0,0
BRDA:261,27,1,0
BRDA:262,28,0,0
BRDA:263,29,0,0
BRDA:268,30,0,0
BRDA:268,31,0,0
BRDA:268,31,1,0
BRDA:269,32,0,0
BRDA:270,33,0,0
BRDA:274,34,0,0
BRDA:274,34,1,0
BRDA:281,35,0,0
BRDA:281,36,0,0
BRDA:281,36,1,0
BRDA:292,37,0,0
BRDA:309,38,0,0
BRDA:309,38,1,0
BRDA:309,38,2,0
BRDA:309,38,3,0
BRDA:309,38,4,0
BRF:64
BRH:0
end_of_record
TN:
SF:src\environments\environment.ts
FNF:0
FNH:0
DA:5,5
LF:1
LH:1
BRF:0
BRH:0
end_of_record
